<?xml version="1.0" encoding="UTF-8"?>
<!-- Generated by org.testng.reporters.JUnitXMLReporter -->
<testsuite hostname="PMCLAP1279" ignored="0" name="Test" tests="56" failures="6" timestamp="13 Jul 2020 04:05:12 GMT" time="839.327" errors="0">
  <testcase name="@AfterMethod quit" time="0.001" classname="flipkarttestpages.Amazonregis">
    <failure type="java.lang.NullPointerException">
      <![CDATA[java.lang.NullPointerException
at flipkarttestpages.Amazonregis.quit(Amazonregis.java:48)
... Removed 28 stack frames]]>
    </failure>
  </testcase> <!-- @AfterMethod quit -->
  <testcase name="@AfterMethod quit" time="0.0" classname="flipkarttestpages.Amazonregis">
    <skipped/>
  </testcase> <!-- @AfterMethod quit -->
  <testcase name="@AfterMethod quit" time="0.0" classname="flipkarttestpages.Amazonregis">
    <skipped/>
  </testcase> <!-- @AfterMethod quit -->
  <testcase name="@AfterMethod quit" time="0.0" classname="flipkarttestpages.Amazonregis">
    <skipped/>
  </testcase> <!-- @AfterMethod quit -->
  <testcase name="@AfterMethod quit" time="0.0" classname="flipkarttestpages.Amazonregis">
    <skipped/>
  </testcase> <!-- @AfterMethod quit -->
  <testcase name="@AfterMethod quit" time="0.0" classname="flipkarttestpages.Amazonregis">
    <skipped/>
  </testcase> <!-- @AfterMethod quit -->
  <testcase name="@AfterMethod quit" time="0.0" classname="flipkarttestpages.Amazonregis">
    <skipped/>
  </testcase> <!-- @AfterMethod quit -->
  <testcase name="@AfterMethod quit" time="0.0" classname="flipkarttestpages.Amazonregis">
    <skipped/>
  </testcase> <!-- @AfterMethod quit -->
  <testcase name="@AfterMethod quit" time="0.0" classname="flipkarttestpages.Amazonregis">
    <skipped/>
  </testcase> <!-- @AfterMethod quit -->
  <testcase name="@AfterMethod quit" time="0.0" classname="flipkarttestpages.Amazonregis">
    <skipped/>
  </testcase> <!-- @AfterMethod quit -->
  <testcase name="@BeforeMethod setup" time="50.93" classname="flipkarttestpages.Checkouttestpage">
    <failure type="org.openqa.selenium.NoSuchElementException" message="Unable to locate element: //button[text()=&amp;apos;BUY NOW&amp;apos;]
For documentation on this error, please visit: https://www.seleniumhq.org/exceptions/no_such_element.html
Build info: version: &amp;apos;3.141.59&amp;apos;, revision: &amp;apos;e82be7d358&amp;apos;, time: &amp;apos;2018-11-14T08:25:48&amp;apos;
System info: host: &amp;apos;PMCLAP1279&amp;apos;, ip: &amp;apos;192.168.56.1&amp;apos;, os.name: &amp;apos;Windows 10&amp;apos;, os.arch: &amp;apos;amd64&amp;apos;, os.version: &amp;apos;10.0&amp;apos;, java.version: &amp;apos;1.8.0_251&amp;apos;
Driver info: org.openqa.selenium.firefox.FirefoxDriver
Capabilities {acceptInsecureCerts: true, browserName: firefox, browserVersion: 68.10.0, javascriptEnabled: true, moz:accessibilityChecks: false, moz:buildID: 20200622191537, moz:geckodriverVersion: 0.24.0, moz:headless: false, moz:processID: 27844, moz:profile: C:\Users\GehlotK\AppData\Lo..., moz:shutdownTimeout: 60000, moz:useNonSpecCompliantPointerOrigin: false, moz:webdriverClick: true, pageLoadStrategy: normal, platform: WINDOWS, platformName: WINDOWS, platformVersion: 10.0, rotatable: false, setWindowRect: true, strictFileInteractability: false, timeouts: {implicit: 0, pageLoad: 300000, script: 30000}, unhandledPromptBehavior: dismiss and notify}
Session ID: b5db33fd-2ea6-407c-a5c5-9df439b8a5b2
*** Element info: {Using=xpath, value=//button[text()=&amp;apos;BUY NOW&amp;apos;]}">
      <![CDATA[org.openqa.selenium.NoSuchElementException: Unable to locate element: //button[text()='BUY NOW']
For documentation on this error, please visit: https://www.seleniumhq.org/exceptions/no_such_element.html
Build info: version: '3.141.59', revision: 'e82be7d358', time: '2018-11-14T08:25:48'
System info: host: 'PMCLAP1279', ip: '192.168.56.1', os.name: 'Windows 10', os.arch: 'amd64', os.version: '10.0', java.version: '1.8.0_251'
Driver info: org.openqa.selenium.firefox.FirefoxDriver
Capabilities {acceptInsecureCerts: true, browserName: firefox, browserVersion: 68.10.0, javascriptEnabled: true, moz:accessibilityChecks: false, moz:buildID: 20200622191537, moz:geckodriverVersion: 0.24.0, moz:headless: false, moz:processID: 27844, moz:profile: C:\Users\GehlotK\AppData\Lo..., moz:shutdownTimeout: 60000, moz:useNonSpecCompliantPointerOrigin: false, moz:webdriverClick: true, pageLoadStrategy: normal, platform: WINDOWS, platformName: WINDOWS, platformVersion: 10.0, rotatable: false, setWindowRect: true, strictFileInteractability: false, timeouts: {implicit: 0, pageLoad: 300000, script: 30000}, unhandledPromptBehavior: dismiss and notify}
Session ID: b5db33fd-2ea6-407c-a5c5-9df439b8a5b2
*** Element info: {Using=xpath, value=//button[text()='BUY NOW']}
at org.openqa.selenium.remote.http.W3CHttpResponseCodec.createException(W3CHttpResponseCodec.java:187)
at org.openqa.selenium.remote.http.W3CHttpResponseCodec.decode(W3CHttpResponseCodec.java:122)
at org.openqa.selenium.remote.http.W3CHttpResponseCodec.decode(W3CHttpResponseCodec.java:49)
at org.openqa.selenium.remote.HttpCommandExecutor.execute(HttpCommandExecutor.java:158)
at org.openqa.selenium.remote.service.DriverCommandExecutor.execute(DriverCommandExecutor.java:83)
at org.openqa.selenium.remote.RemoteWebDriver.execute(RemoteWebDriver.java:552)
at org.openqa.selenium.remote.RemoteWebDriver.findElement(RemoteWebDriver.java:323)
at org.openqa.selenium.remote.RemoteWebDriver.findElementByXPath(RemoteWebDriver.java:428)
at org.openqa.selenium.By$ByXPath.findElement(By.java:353)
at org.openqa.selenium.remote.RemoteWebDriver.findElement(RemoteWebDriver.java:315)
at org.openqa.selenium.support.pagefactory.DefaultElementLocator.findElement(DefaultElementLocator.java:69)
at org.openqa.selenium.support.pagefactory.internal.LocatingElementHandler.invoke(LocatingElementHandler.java:38)
at com.sun.proxy.$Proxy10.click(Unknown Source)
at flipkartpages.Productpage.clickbuynow(Productpage.java:58)
at flipkarttestpages.Checkouttestpage.setup(Checkouttestpage.java:38)
... Removed 32 stack frames]]>
    </failure>
  </testcase> <!-- @BeforeMethod setup -->
  <testcase name="@AfterMethod quit" time="0.0" classname="flipkarttestpages.Checkouttestpage">
    <skipped/>
  </testcase> <!-- @AfterMethod quit -->
  <testcase name="@BeforeMethod setup" time="0.0" classname="flipkarttestpages.Checkouttestpage">
    <skipped/>
  </testcase> <!-- @BeforeMethod setup -->
  <testcase name="@AfterMethod quit" time="0.0" classname="flipkarttestpages.Checkouttestpage">
    <skipped/>
  </testcase> <!-- @AfterMethod quit -->
  <testcase name="@BeforeMethod setup" time="0.0" classname="flipkarttestpages.Checkouttestpage">
    <skipped/>
  </testcase> <!-- @BeforeMethod setup -->
  <testcase name="@AfterMethod quit" time="0.0" classname="flipkarttestpages.Checkouttestpage">
    <skipped/>
  </testcase> <!-- @AfterMethod quit -->
  <testcase name="registertest" time="0.01" classname="flipkarttestpages.Amazonregis">
    <failure type="java.lang.NullPointerException">
      <![CDATA[java.lang.NullPointerException
at flipkarttestpages.Amazonregis.registertest(Amazonregis.java:38)
... Removed 25 stack frames]]>
    </failure>
  </testcase> <!-- registertest -->
  <testcase name="registertest" time="0.0" classname="flipkarttestpages.Amazonregis">
    <skipped/>
  </testcase> <!-- registertest -->
  <testcase name="registertest" time="0.0" classname="flipkarttestpages.Amazonregis">
    <skipped/>
  </testcase> <!-- registertest -->
  <testcase name="registertest" time="0.0" classname="flipkarttestpages.Amazonregis">
    <skipped/>
  </testcase> <!-- registertest -->
  <testcase name="registertest" time="0.0" classname="flipkarttestpages.Amazonregis">
    <skipped/>
  </testcase> <!-- registertest -->
  <testcase name="registertest" time="0.0" classname="flipkarttestpages.Amazonregis">
    <skipped/>
  </testcase> <!-- registertest -->
  <testcase name="registertest" time="0.0" classname="flipkarttestpages.Amazonregis">
    <skipped/>
  </testcase> <!-- registertest -->
  <testcase name="registertest" time="0.0" classname="flipkarttestpages.Amazonregis">
    <skipped/>
  </testcase> <!-- registertest -->
  <testcase name="registertest" time="0.0" classname="flipkarttestpages.Amazonregis">
    <skipped/>
  </testcase> <!-- registertest -->
  <testcase name="registertest" time="0.0" classname="flipkarttestpages.Amazonregis">
    <skipped/>
  </testcase> <!-- registertest -->
  <testcase name="cartbutton" time="0.048" classname="flipkarttestpages.Flipkarthomepagetest"/>
  <testcase name="clickclosebutton" time="0.732" classname="flipkarttestpages.Flipkarthomepagetest"/>
  <testcase name="displayclosebutton" time="0.031" classname="flipkarttestpages.Flipkarthomepagetest"/>
  <testcase name="loginbutton" time="0.042" classname="flipkarttestpages.Flipkarthomepagetest"/>
  <testcase name="searchsuggestionclick" time="34.496" classname="flipkarttestpages.Flipkarthomepagetest"/>
  <testcase name="userloggedin" time="6.195" classname="flipkarttestpages.Flipkarthomepagetest"/>
  <testcase name="clickcontinue" time="30.03" classname="flipkarttestpages.Checkouttestpage">
    <failure type="org.openqa.selenium.NoSuchElementException" message="Unable to locate element: //button[text()=&amp;apos;CONTINUE&amp;apos;]
For documentation on this error, please visit: https://www.seleniumhq.org/exceptions/no_such_element.html
Build info: version: &amp;apos;3.141.59&amp;apos;, revision: &amp;apos;e82be7d358&amp;apos;, time: &amp;apos;2018-11-14T08:25:48&amp;apos;
System info: host: &amp;apos;PMCLAP1279&amp;apos;, ip: &amp;apos;192.168.56.1&amp;apos;, os.name: &amp;apos;Windows 10&amp;apos;, os.arch: &amp;apos;amd64&amp;apos;, os.version: &amp;apos;10.0&amp;apos;, java.version: &amp;apos;1.8.0_251&amp;apos;
Driver info: org.openqa.selenium.firefox.FirefoxDriver
Capabilities {acceptInsecureCerts: true, browserName: firefox, browserVersion: 68.10.0, javascriptEnabled: true, moz:accessibilityChecks: false, moz:buildID: 20200622191537, moz:geckodriverVersion: 0.24.0, moz:headless: false, moz:processID: 12496, moz:profile: C:\Users\GehlotK\AppData\Lo..., moz:shutdownTimeout: 60000, moz:useNonSpecCompliantPointerOrigin: false, moz:webdriverClick: true, pageLoadStrategy: normal, platform: WINDOWS, platformName: WINDOWS, platformVersion: 10.0, rotatable: false, setWindowRect: true, strictFileInteractability: false, timeouts: {implicit: 0, pageLoad: 300000, script: 30000}, unhandledPromptBehavior: dismiss and notify}
Session ID: 77422403-522f-4584-8d70-e83739970a85
*** Element info: {Using=xpath, value=//button[text()=&amp;apos;CONTINUE&amp;apos;]}">
      <![CDATA[org.openqa.selenium.NoSuchElementException: Unable to locate element: //button[text()='CONTINUE']
For documentation on this error, please visit: https://www.seleniumhq.org/exceptions/no_such_element.html
Build info: version: '3.141.59', revision: 'e82be7d358', time: '2018-11-14T08:25:48'
System info: host: 'PMCLAP1279', ip: '192.168.56.1', os.name: 'Windows 10', os.arch: 'amd64', os.version: '10.0', java.version: '1.8.0_251'
Driver info: org.openqa.selenium.firefox.FirefoxDriver
Capabilities {acceptInsecureCerts: true, browserName: firefox, browserVersion: 68.10.0, javascriptEnabled: true, moz:accessibilityChecks: false, moz:buildID: 20200622191537, moz:geckodriverVersion: 0.24.0, moz:headless: false, moz:processID: 12496, moz:profile: C:\Users\GehlotK\AppData\Lo..., moz:shutdownTimeout: 60000, moz:useNonSpecCompliantPointerOrigin: false, moz:webdriverClick: true, pageLoadStrategy: normal, platform: WINDOWS, platformName: WINDOWS, platformVersion: 10.0, rotatable: false, setWindowRect: true, strictFileInteractability: false, timeouts: {implicit: 0, pageLoad: 300000, script: 30000}, unhandledPromptBehavior: dismiss and notify}
Session ID: 77422403-522f-4584-8d70-e83739970a85
*** Element info: {Using=xpath, value=//button[text()='CONTINUE']}
at org.openqa.selenium.remote.http.W3CHttpResponseCodec.createException(W3CHttpResponseCodec.java:187)
at org.openqa.selenium.remote.http.W3CHttpResponseCodec.decode(W3CHttpResponseCodec.java:122)
at org.openqa.selenium.remote.http.W3CHttpResponseCodec.decode(W3CHttpResponseCodec.java:49)
at org.openqa.selenium.remote.HttpCommandExecutor.execute(HttpCommandExecutor.java:158)
at org.openqa.selenium.remote.service.DriverCommandExecutor.execute(DriverCommandExecutor.java:83)
at org.openqa.selenium.remote.RemoteWebDriver.execute(RemoteWebDriver.java:552)
at org.openqa.selenium.remote.RemoteWebDriver.findElement(RemoteWebDriver.java:323)
at org.openqa.selenium.remote.RemoteWebDriver.findElementByXPath(RemoteWebDriver.java:428)
at org.openqa.selenium.By$ByXPath.findElement(By.java:353)
at org.openqa.selenium.remote.RemoteWebDriver.findElement(RemoteWebDriver.java:315)
at org.openqa.selenium.support.pagefactory.DefaultElementLocator.findElement(DefaultElementLocator.java:69)
at org.openqa.selenium.support.pagefactory.internal.LocatingElementHandler.invoke(LocatingElementHandler.java:38)
at com.sun.proxy.$Proxy10.click(Unknown Source)
at flipkartpages.Checkout.clickcontinuebutton(Checkout.java:72)
at flipkarttestpages.Checkouttestpage.clickcontinue(Checkouttestpage.java:88)
... Removed 29 stack frames]]>
    </failure>
  </testcase> <!-- clickcontinue -->
  <testcase name="increasequantity" time="0.328" classname="flipkarttestpages.Checkouttestpage"/>
  <testcase name="loginverify" time="0.03" classname="flipkarttestpages.Checkouttestpage"/>
  <testcase name="usernameverify" time="0.656" classname="flipkarttestpages.Checkouttestpage"/>
  <testcase name="verifyaddress" time="0.704" classname="flipkarttestpages.Checkouttestpage"/>
  <testcase name="verifydelivery" time="0.0" classname="flipkarttestpages.Checkouttestpage">
    <skipped/>
  </testcase> <!-- verifydelivery -->
  <testcase name="verifydeliverydate" time="0.0" classname="flipkarttestpages.Checkouttestpage">
    <skipped/>
  </testcase> <!-- verifydeliverydate -->
  <testcase name="verifyproduct" time="0.0" classname="flipkarttestpages.Checkouttestpage">
    <skipped/>
  </testcase> <!-- verifyproduct -->
  <testcase name="testdata" time="20.088" classname="flipkarttestpages.Facebook">
    <failure type="org.openqa.selenium.NoSuchElementException" message="Unable to locate element: //input[@type=&amp;apos;submit&amp;apos;]
For documentation on this error, please visit: https://www.seleniumhq.org/exceptions/no_such_element.html
Build info: version: &amp;apos;3.141.59&amp;apos;, revision: &amp;apos;e82be7d358&amp;apos;, time: &amp;apos;2018-11-14T08:25:48&amp;apos;
System info: host: &amp;apos;PMCLAP1279&amp;apos;, ip: &amp;apos;192.168.56.1&amp;apos;, os.name: &amp;apos;Windows 10&amp;apos;, os.arch: &amp;apos;amd64&amp;apos;, os.version: &amp;apos;10.0&amp;apos;, java.version: &amp;apos;1.8.0_251&amp;apos;
Driver info: org.openqa.selenium.firefox.FirefoxDriver
Capabilities {acceptInsecureCerts: true, browserName: firefox, browserVersion: 68.10.0, javascriptEnabled: true, moz:accessibilityChecks: false, moz:buildID: 20200622191537, moz:geckodriverVersion: 0.24.0, moz:headless: false, moz:processID: 22000, moz:profile: C:\Users\GehlotK\AppData\Lo..., moz:shutdownTimeout: 60000, moz:useNonSpecCompliantPointerOrigin: false, moz:webdriverClick: true, pageLoadStrategy: normal, platform: WINDOWS, platformName: WINDOWS, platformVersion: 10.0, rotatable: false, setWindowRect: true, strictFileInteractability: false, timeouts: {implicit: 0, pageLoad: 300000, script: 30000}, unhandledPromptBehavior: dismiss and notify}
Session ID: 93e4c6a8-a8a3-4479-ad8b-32dff0b811b6
*** Element info: {Using=xpath, value=//input[@type=&amp;apos;submit&amp;apos;]}">
      <![CDATA[org.openqa.selenium.NoSuchElementException: Unable to locate element: //input[@type='submit']
For documentation on this error, please visit: https://www.seleniumhq.org/exceptions/no_such_element.html
Build info: version: '3.141.59', revision: 'e82be7d358', time: '2018-11-14T08:25:48'
System info: host: 'PMCLAP1279', ip: '192.168.56.1', os.name: 'Windows 10', os.arch: 'amd64', os.version: '10.0', java.version: '1.8.0_251'
Driver info: org.openqa.selenium.firefox.FirefoxDriver
Capabilities {acceptInsecureCerts: true, browserName: firefox, browserVersion: 68.10.0, javascriptEnabled: true, moz:accessibilityChecks: false, moz:buildID: 20200622191537, moz:geckodriverVersion: 0.24.0, moz:headless: false, moz:processID: 22000, moz:profile: C:\Users\GehlotK\AppData\Lo..., moz:shutdownTimeout: 60000, moz:useNonSpecCompliantPointerOrigin: false, moz:webdriverClick: true, pageLoadStrategy: normal, platform: WINDOWS, platformName: WINDOWS, platformVersion: 10.0, rotatable: false, setWindowRect: true, strictFileInteractability: false, timeouts: {implicit: 0, pageLoad: 300000, script: 30000}, unhandledPromptBehavior: dismiss and notify}
Session ID: 93e4c6a8-a8a3-4479-ad8b-32dff0b811b6
*** Element info: {Using=xpath, value=//input[@type='submit']}
at org.openqa.selenium.remote.http.W3CHttpResponseCodec.createException(W3CHttpResponseCodec.java:187)
at org.openqa.selenium.remote.http.W3CHttpResponseCodec.decode(W3CHttpResponseCodec.java:122)
at org.openqa.selenium.remote.http.W3CHttpResponseCodec.decode(W3CHttpResponseCodec.java:49)
at org.openqa.selenium.remote.HttpCommandExecutor.execute(HttpCommandExecutor.java:158)
at org.openqa.selenium.remote.service.DriverCommandExecutor.execute(DriverCommandExecutor.java:83)
at org.openqa.selenium.remote.RemoteWebDriver.execute(RemoteWebDriver.java:552)
at org.openqa.selenium.remote.RemoteWebDriver.findElement(RemoteWebDriver.java:323)
at org.openqa.selenium.remote.RemoteWebDriver.findElementByXPath(RemoteWebDriver.java:428)
at org.openqa.selenium.By$ByXPath.findElement(By.java:353)
at org.openqa.selenium.remote.RemoteWebDriver.findElement(RemoteWebDriver.java:315)
at flipkarttestpages.Facebook.testdata(Facebook.java:38)
... Removed 29 stack frames]]>
    </failure>
  </testcase> <!-- testdata -->
  <testcase name="testdata" time="1.518" classname="flipkarttestpages.Facebook"/>
  <testcase name="testdata" time="5.327" classname="flipkarttestpages.Facebook"/>
  <testcase name="registertest" time="2.175" classname="flipkarttestpages.Amazonregistration"/>
  <testcase name="registertest" time="2.174" classname="flipkarttestpages.Amazonregistration"/>
  <testcase name="registertest" time="2.172" classname="flipkarttestpages.Amazonregistration"/>
  <testcase name="registertest" time="2.166" classname="flipkarttestpages.Amazonregistration"/>
  <testcase name="registertest" time="2.171" classname="flipkarttestpages.Amazonregistration"/>
  <testcase name="registertest" time="2.17" classname="flipkarttestpages.Amazonregistration"/>
  <testcase name="registertest" time="2.227" classname="flipkarttestpages.Amazonregistration"/>
  <testcase name="registertest" time="2.155" classname="flipkarttestpages.Amazonregistration"/>
  <testcase name="registertest" time="2.153" classname="flipkarttestpages.Amazonregistration"/>
  <testcase name="registertest" time="2.152" classname="flipkarttestpages.Amazonregistration"/>
  <testcase name="addtocart" time="2.464" classname="flipkarttestpages.Producttestpage"/>
  <testcase name="clickbuynow" time="0.276" classname="flipkarttestpages.Producttestpage"/>
  <testcase name="prodimg" time="0.055" classname="flipkarttestpages.Producttestpage"/>
  <testcase name="prodprice" time="0.0" classname="flipkarttestpages.Producttestpage"/>
  <testcase name="prodrating" time="30.031" classname="flipkarttestpages.Producttestpage">
    <failure type="org.openqa.selenium.NoSuchElementException" message="Unable to locate element: //span[@id=&amp;apos;productRating_LSTACNFHHUXNFGV6KRGRZMCIB_ACNFHHUXNFGV6KRG_&amp;apos;]//div[@class=&amp;apos;hGSR34&amp;apos;]//img[@class=&amp;apos;_2lQ_WZ&amp;apos;]
For documentation on this error, please visit: https://www.seleniumhq.org/exceptions/no_such_element.html
Build info: version: &amp;apos;3.141.59&amp;apos;, revision: &amp;apos;e82be7d358&amp;apos;, time: &amp;apos;2018-11-14T08:25:48&amp;apos;
System info: host: &amp;apos;PMCLAP1279&amp;apos;, ip: &amp;apos;192.168.56.1&amp;apos;, os.name: &amp;apos;Windows 10&amp;apos;, os.arch: &amp;apos;amd64&amp;apos;, os.version: &amp;apos;10.0&amp;apos;, java.version: &amp;apos;1.8.0_251&amp;apos;
Driver info: org.openqa.selenium.firefox.FirefoxDriver
Capabilities {acceptInsecureCerts: true, browserName: firefox, browserVersion: 68.10.0, javascriptEnabled: true, moz:accessibilityChecks: false, moz:buildID: 20200622191537, moz:geckodriverVersion: 0.24.0, moz:headless: false, moz:processID: 8820, moz:profile: C:\Users\GehlotK\AppData\Lo..., moz:shutdownTimeout: 60000, moz:useNonSpecCompliantPointerOrigin: false, moz:webdriverClick: true, pageLoadStrategy: normal, platform: WINDOWS, platformName: WINDOWS, platformVersion: 10.0, rotatable: false, setWindowRect: true, strictFileInteractability: false, timeouts: {implicit: 0, pageLoad: 300000, script: 30000}, unhandledPromptBehavior: dismiss and notify}
Session ID: cf2902fc-1447-41ea-addb-c7cb7fd1dce3
*** Element info: {Using=xpath, value=//span[@id=&amp;apos;productRating_LSTACNFHHUXNFGV6KRGRZMCIB_ACNFHHUXNFGV6KRG_&amp;apos;]//div[@class=&amp;apos;hGSR34&amp;apos;]//img[@class=&amp;apos;_2lQ_WZ&amp;apos;]}">
      <![CDATA[org.openqa.selenium.NoSuchElementException: Unable to locate element: //span[@id='productRating_LSTACNFHHUXNFGV6KRGRZMCIB_ACNFHHUXNFGV6KRG_']//div[@class='hGSR34']//img[@class='_2lQ_WZ']
For documentation on this error, please visit: https://www.seleniumhq.org/exceptions/no_such_element.html
Build info: version: '3.141.59', revision: 'e82be7d358', time: '2018-11-14T08:25:48'
System info: host: 'PMCLAP1279', ip: '192.168.56.1', os.name: 'Windows 10', os.arch: 'amd64', os.version: '10.0', java.version: '1.8.0_251'
Driver info: org.openqa.selenium.firefox.FirefoxDriver
Capabilities {acceptInsecureCerts: true, browserName: firefox, browserVersion: 68.10.0, javascriptEnabled: true, moz:accessibilityChecks: false, moz:buildID: 20200622191537, moz:geckodriverVersion: 0.24.0, moz:headless: false, moz:processID: 8820, moz:profile: C:\Users\GehlotK\AppData\Lo..., moz:shutdownTimeout: 60000, moz:useNonSpecCompliantPointerOrigin: false, moz:webdriverClick: true, pageLoadStrategy: normal, platform: WINDOWS, platformName: WINDOWS, platformVersion: 10.0, rotatable: false, setWindowRect: true, strictFileInteractability: false, timeouts: {implicit: 0, pageLoad: 300000, script: 30000}, unhandledPromptBehavior: dismiss and notify}
Session ID: cf2902fc-1447-41ea-addb-c7cb7fd1dce3
*** Element info: {Using=xpath, value=//span[@id='productRating_LSTACNFHHUXNFGV6KRGRZMCIB_ACNFHHUXNFGV6KRG_']//div[@class='hGSR34']//img[@class='_2lQ_WZ']}
at org.openqa.selenium.remote.http.W3CHttpResponseCodec.createException(W3CHttpResponseCodec.java:187)
at org.openqa.selenium.remote.http.W3CHttpResponseCodec.decode(W3CHttpResponseCodec.java:122)
at org.openqa.selenium.remote.http.W3CHttpResponseCodec.decode(W3CHttpResponseCodec.java:49)
at org.openqa.selenium.remote.HttpCommandExecutor.execute(HttpCommandExecutor.java:158)
at org.openqa.selenium.remote.service.DriverCommandExecutor.execute(DriverCommandExecutor.java:83)
at org.openqa.selenium.remote.RemoteWebDriver.execute(RemoteWebDriver.java:552)
at org.openqa.selenium.remote.RemoteWebDriver.findElement(RemoteWebDriver.java:323)
at org.openqa.selenium.remote.RemoteWebDriver.findElementByXPath(RemoteWebDriver.java:428)
at org.openqa.selenium.By$ByXPath.findElement(By.java:353)
at org.openqa.selenium.remote.RemoteWebDriver.findElement(RemoteWebDriver.java:315)
at org.openqa.selenium.support.pagefactory.DefaultElementLocator.findElement(DefaultElementLocator.java:69)
at org.openqa.selenium.support.pagefactory.internal.LocatingElementHandler.invoke(LocatingElementHandler.java:38)
at com.sun.proxy.$Proxy10.isDisplayed(Unknown Source)
at flipkartpages.Productpage.productratingdisplayed(Productpage.java:42)
at flipkarttestpages.Producttestpage.prodrating(Producttestpage.java:54)
... Removed 29 stack frames]]>
    </failure>
  </testcase> <!-- prodrating -->
  <testcase name="productnamedisplayed" time="0.044" classname="flipkarttestpages.Producttestpage"/>
  <testcase name="registration" time="3.171" classname="flipkarttestpages.Flipkartregistration"/>
  <testcase name="registration" time="3.19" classname="flipkarttestpages.Flipkartregistration"/>
  <testcase name="registration" time="3.202" classname="flipkarttestpages.Flipkartregistration"/>
  <testcase name="registration" time="3.255" classname="flipkarttestpages.Flipkartregistration"/>
  <testcase name="registration" time="3.208" classname="flipkarttestpages.Flipkartregistration"/>
  <testcase name="registration" time="3.243" classname="flipkarttestpages.Flipkartregistration"/>
  <testcase name="gettitle" time="4.008" classname="flipkarttestpages.Categorypagetest"/>
  <testcase name="lowtohighclick" time="1.406" classname="flipkarttestpages.Categorypagetest"/>
  <testcase name="popularity" time="0.943" classname="flipkarttestpages.Categorypagetest"/>
  <testcase name="productcount" time="9.92" classname="flipkarttestpages.Categorypagetest">
    <failure type="java.lang.AssertionError" message="expected [(Showing 193 – 236 products of 236 products)] but found [(Showing 217 – 236 products of 236 products)]">
      <![CDATA[java.lang.AssertionError: expected [(Showing 193 – 236 products of 236 products)] but found [(Showing 217 – 236 products of 236 products)]
at flipkarttestpages.Categorypagetest.productcount(Categorypagetest.java:78)
... Removed 31 stack frames]]>
    </failure>
  </testcase> <!-- productcount -->
  <testcase name="slider" time="35.214" classname="flipkarttestpages.Categorypagetest">
    <failure type="org.openqa.selenium.NoSuchElementException" message="Unable to locate element: //div[text()=&amp;apos;₹30000-₹50000+&amp;apos;]
For documentation on this error, please visit: https://www.seleniumhq.org/exceptions/no_such_element.html
Build info: version: &amp;apos;3.141.59&amp;apos;, revision: &amp;apos;e82be7d358&amp;apos;, time: &amp;apos;2018-11-14T08:25:48&amp;apos;
System info: host: &amp;apos;PMCLAP1279&amp;apos;, ip: &amp;apos;192.168.56.1&amp;apos;, os.name: &amp;apos;Windows 10&amp;apos;, os.arch: &amp;apos;amd64&amp;apos;, os.version: &amp;apos;10.0&amp;apos;, java.version: &amp;apos;1.8.0_251&amp;apos;
Driver info: org.openqa.selenium.firefox.FirefoxDriver
Capabilities {acceptInsecureCerts: true, browserName: firefox, browserVersion: 68.10.0, javascriptEnabled: true, moz:accessibilityChecks: false, moz:buildID: 20200622191537, moz:geckodriverVersion: 0.24.0, moz:headless: false, moz:processID: 27412, moz:profile: C:\Users\GehlotK\AppData\Lo..., moz:shutdownTimeout: 60000, moz:useNonSpecCompliantPointerOrigin: false, moz:webdriverClick: true, pageLoadStrategy: normal, platform: WINDOWS, platformName: WINDOWS, platformVersion: 10.0, rotatable: false, setWindowRect: true, strictFileInteractability: false, timeouts: {implicit: 0, pageLoad: 300000, script: 30000}, unhandledPromptBehavior: dismiss and notify}
Session ID: c90c25b4-0f7e-40f6-b1d6-ab0fcaa0184b
*** Element info: {Using=xpath, value=//div[text()=&amp;apos;₹30000-₹50000+&amp;apos;]}">
      <![CDATA[org.openqa.selenium.NoSuchElementException: Unable to locate element: //div[text()='₹30000-₹50000+']
For documentation on this error, please visit: https://www.seleniumhq.org/exceptions/no_such_element.html
Build info: version: '3.141.59', revision: 'e82be7d358', time: '2018-11-14T08:25:48'
System info: host: 'PMCLAP1279', ip: '192.168.56.1', os.name: 'Windows 10', os.arch: 'amd64', os.version: '10.0', java.version: '1.8.0_251'
Driver info: org.openqa.selenium.firefox.FirefoxDriver
Capabilities {acceptInsecureCerts: true, browserName: firefox, browserVersion: 68.10.0, javascriptEnabled: true, moz:accessibilityChecks: false, moz:buildID: 20200622191537, moz:geckodriverVersion: 0.24.0, moz:headless: false, moz:processID: 27412, moz:profile: C:\Users\GehlotK\AppData\Lo..., moz:shutdownTimeout: 60000, moz:useNonSpecCompliantPointerOrigin: false, moz:webdriverClick: true, pageLoadStrategy: normal, platform: WINDOWS, platformName: WINDOWS, platformVersion: 10.0, rotatable: false, setWindowRect: true, strictFileInteractability: false, timeouts: {implicit: 0, pageLoad: 300000, script: 30000}, unhandledPromptBehavior: dismiss and notify}
Session ID: c90c25b4-0f7e-40f6-b1d6-ab0fcaa0184b
*** Element info: {Using=xpath, value=//div[text()='₹30000-₹50000+']}
at org.openqa.selenium.remote.http.W3CHttpResponseCodec.createException(W3CHttpResponseCodec.java:187)
at org.openqa.selenium.remote.http.W3CHttpResponseCodec.decode(W3CHttpResponseCodec.java:122)
at org.openqa.selenium.remote.http.W3CHttpResponseCodec.decode(W3CHttpResponseCodec.java:49)
at org.openqa.selenium.remote.HttpCommandExecutor.execute(HttpCommandExecutor.java:158)
at org.openqa.selenium.remote.service.DriverCommandExecutor.execute(DriverCommandExecutor.java:83)
at org.openqa.selenium.remote.RemoteWebDriver.execute(RemoteWebDriver.java:552)
at org.openqa.selenium.remote.RemoteWebDriver.findElement(RemoteWebDriver.java:323)
at org.openqa.selenium.remote.RemoteWebDriver.findElementByXPath(RemoteWebDriver.java:428)
at org.openqa.selenium.By$ByXPath.findElement(By.java:353)
at org.openqa.selenium.remote.RemoteWebDriver.findElement(RemoteWebDriver.java:315)
at org.openqa.selenium.support.pagefactory.DefaultElementLocator.findElement(DefaultElementLocator.java:69)
at org.openqa.selenium.support.pagefactory.internal.LocatingElementHandler.invoke(LocatingElementHandler.java:38)
at com.sun.proxy.$Proxy10.isDisplayed(Unknown Source)
at flipkartpages.Categorypage.slider(Categorypage.java:91)
at flipkarttestpages.Categorypagetest.slider(Categorypagetest.java:62)
... Removed 29 stack frames]]>
    </failure>
  </testcase> <!-- slider -->
  <testcase name="category" time="6.665" classname="flipkarttestpages.Flipkarthomepagetest"/>
  <testcase name="clickproduct" time="6.055" classname="flipkarttestpages.Categorypagetest"/>
</testsuite> <!-- Test -->
